<?xml version="1.0" encoding="UTF-8"?>
<coverage generated="1583227852">
  <project timestamp="1583227852">
    <package name="Example">
      <file name="/Users/alexandrpopov/Git/example-php/src/Example/Example.php">
        <class name="Example\Example" namespace="Example">
          <metrics complexity="2" methods="1" coveredmethods="0" conditionals="0" coveredconditionals="0" statements="3" coveredstatements="2" elements="4" coveredelements="2"/>
        </class>
        <line num="5" type="method" name="go" visibility="public" complexity="2" crap="2.15" count="1"/>
        <line num="7" type="stmt" count="1"/>
        <line num="8" type="stmt" count="0"/>
        <line num="11" type="stmt" count="1"/>
        <metrics loc="14" ncloc="14" classes="1" methods="1" coveredmethods="0" conditionals="0" coveredconditionals="0" statements="3" coveredstatements="2" elements="4" coveredelements="2"/>
      </file>
    </package>
    <file name="/Users/alexandrpopov/Git/example-php/src/autoload.php">
      <line num="10" type="stmt" count="0"/>
      <line num="11" type="stmt" count="0"/>
      <line num="12" type="stmt" count="0"/>
      <line num="13" type="stmt" count="0"/>
      <line num="14" type="stmt" count="0"/>
      <line num="15" type="stmt" count="0"/>
      <line num="16" type="stmt" count="0"/>
      <line num="18" type="stmt" count="0"/>
      <line num="19" type="stmt" count="0"/>
      <line num="20" type="stmt" count="0"/>
      <line num="22" type="stmt" count="0"/>
      <line num="25" type="stmt" count="0"/>
      <line num="26" type="stmt" count="0"/>
      <metrics loc="26" ncloc="19" classes="0" methods="0" coveredmethods="0" conditionals="0" coveredconditionals="0" statements="13" coveredstatements="0" elements="13" coveredelements="0"/>
    </file>
    <metrics files="2" loc="40" ncloc="33" classes="1" methods="1" coveredmethods="0" conditionals="0" coveredconditionals="0" statements="16" coveredstatements="2" elements="17" coveredelements="2"/>
  </project>
</coverage>
