mode: set
bitbucket.manperi.com/olymp/estream/consumer.go:13.97,15.3 1 1
bitbucket.manperi.com/olymp/estream/consumer.go:17.48,18.17 1 1
bitbucket.manperi.com/olymp/estream/consumer.go:18.17,20.4 1 1
bitbucket.manperi.com/olymp/estream/consumer.go:28.111,29.27 1 1
bitbucket.manperi.com/olymp/estream/consumer.go:29.27,31.3 1 1
bitbucket.manperi.com/olymp/estream/consumer.go:35.60,36.27 1 1
bitbucket.manperi.com/olymp/estream/consumer.go:36.27,38.3 1 1
bitbucket.manperi.com/olymp/estream/consumer.go:42.61,43.27 1 1
bitbucket.manperi.com/olymp/estream/consumer.go:43.27,45.3 1 1
bitbucket.manperi.com/olymp/estream/consumer.go:62.70,71.27 2 1
bitbucket.manperi.com/olymp/estream/consumer.go:75.2,75.25 1 1
bitbucket.manperi.com/olymp/estream/consumer.go:79.2,79.21 1 1
bitbucket.manperi.com/olymp/estream/consumer.go:83.2,83.21 1 1
bitbucket.manperi.com/olymp/estream/consumer.go:87.2,89.16 3 1
bitbucket.manperi.com/olymp/estream/consumer.go:93.2,94.16 2 1
bitbucket.manperi.com/olymp/estream/consumer.go:98.2,98.15 1 1
bitbucket.manperi.com/olymp/estream/consumer.go:71.27,73.3 1 1
bitbucket.manperi.com/olymp/estream/consumer.go:75.25,77.3 1 1
bitbucket.manperi.com/olymp/estream/consumer.go:79.21,81.3 1 1
bitbucket.manperi.com/olymp/estream/consumer.go:83.21,85.3 1 1
bitbucket.manperi.com/olymp/estream/consumer.go:89.16,91.3 1 1
bitbucket.manperi.com/olymp/estream/consumer.go:94.16,96.3 1 1
bitbucket.manperi.com/olymp/estream/consumer.go:102.36,103.46 1 1
bitbucket.manperi.com/olymp/estream/consumer.go:108.2,108.12 1 1
bitbucket.manperi.com/olymp/estream/consumer.go:103.46,104.61 1 1
bitbucket.manperi.com/olymp/estream/consumer.go:104.61,106.4 1 0
bitbucket.manperi.com/olymp/estream/consumer.go:113.34,114.38 1 1
bitbucket.manperi.com/olymp/estream/consumer.go:119.2,121.43 2 1
bitbucket.manperi.com/olymp/estream/consumer.go:124.2,124.41 1 1
bitbucket.manperi.com/olymp/estream/consumer.go:128.2,128.12 1 1
bitbucket.manperi.com/olymp/estream/consumer.go:114.38,115.36 1 1
bitbucket.manperi.com/olymp/estream/consumer.go:115.36,117.4 1 0
bitbucket.manperi.com/olymp/estream/consumer.go:121.43,123.3 1 0
bitbucket.manperi.com/olymp/estream/consumer.go:124.41,126.3 1 0
bitbucket.manperi.com/olymp/estream/consumer.go:132.100,134.9 2 1
bitbucket.manperi.com/olymp/estream/consumer.go:138.2,144.27 2 1
bitbucket.manperi.com/olymp/estream/consumer.go:148.2,148.33 1 1
bitbucket.manperi.com/olymp/estream/consumer.go:152.2,154.12 2 1
bitbucket.manperi.com/olymp/estream/consumer.go:134.9,136.3 1 0
bitbucket.manperi.com/olymp/estream/consumer.go:144.27,146.3 1 0
bitbucket.manperi.com/olymp/estream/consumer.go:148.33,150.3 1 1
bitbucket.manperi.com/olymp/estream/consumer.go:157.78,159.16 2 1
bitbucket.manperi.com/olymp/estream/consumer.go:163.2,163.21 1 1
bitbucket.manperi.com/olymp/estream/consumer.go:167.2,167.29 1 1
bitbucket.manperi.com/olymp/estream/consumer.go:190.2,190.12 1 1
bitbucket.manperi.com/olymp/estream/consumer.go:159.16,161.3 1 0
bitbucket.manperi.com/olymp/estream/consumer.go:163.21,165.3 1 0
bitbucket.manperi.com/olymp/estream/consumer.go:167.29,169.40 2 1
bitbucket.manperi.com/olymp/estream/consumer.go:182.3,183.17 2 1
bitbucket.manperi.com/olymp/estream/consumer.go:187.3,187.65 1 1
bitbucket.manperi.com/olymp/estream/consumer.go:169.40,171.18 2 0
bitbucket.manperi.com/olymp/estream/consumer.go:177.4,177.20 1 0
bitbucket.manperi.com/olymp/estream/consumer.go:171.18,174.5 1 0
bitbucket.manperi.com/olymp/estream/consumer.go:177.20,179.5 1 0
bitbucket.manperi.com/olymp/estream/consumer.go:183.17,185.4 1 0
bitbucket.manperi.com/olymp/estream/consumer.go:198.3,201.18 2 1
bitbucket.manperi.com/olymp/estream/consumer.go:216.2,216.37 1 1
bitbucket.manperi.com/olymp/estream/consumer.go:201.18,202.34 1 1
bitbucket.manperi.com/olymp/estream/consumer.go:202.34,206.18 3 0
bitbucket.manperi.com/olymp/estream/consumer.go:210.4,212.41 1 0
bitbucket.manperi.com/olymp/estream/consumer.go:206.18,208.5 1 0
bitbucket.manperi.com/olymp/estream/consumer.go:216.37,217.19 1 1
bitbucket.manperi.com/olymp/estream/consumer.go:217.19,218.33 1 1
bitbucket.manperi.com/olymp/estream/consumer.go:218.33,220.5 1 1
bitbucket.manperi.com/olymp/estream/consumer_group.go:17.149,19.3 1 1
bitbucket.manperi.com/olymp/estream/consumer_group.go:21.53,22.17 1 1
bitbucket.manperi.com/olymp/estream/consumer_group.go:22.17,24.4 1 1
bitbucket.manperi.com/olymp/estream/consumer_group.go:35.70,36.32 1 1
bitbucket.manperi.com/olymp/estream/consumer_group.go:36.32,38.3 1 1
bitbucket.manperi.com/olymp/estream/consumer_group.go:42.77,43.32 1 1
bitbucket.manperi.com/olymp/estream/consumer_group.go:43.32,45.3 1 1
bitbucket.manperi.com/olymp/estream/consumer_group.go:49.75,50.32 1 1
bitbucket.manperi.com/olymp/estream/consumer_group.go:50.32,52.3 1 1
bitbucket.manperi.com/olymp/estream/consumer_group.go:72.99,84.27 2 1
bitbucket.manperi.com/olymp/estream/consumer_group.go:88.2,88.24 1 1
bitbucket.manperi.com/olymp/estream/consumer_group.go:92.2,92.21 1 1
bitbucket.manperi.com/olymp/estream/consumer_group.go:96.2,96.21 1 1
bitbucket.manperi.com/olymp/estream/consumer_group.go:100.2,100.21 1 1
bitbucket.manperi.com/olymp/estream/consumer_group.go:104.2,106.16 3 1
bitbucket.manperi.com/olymp/estream/consumer_group.go:110.2,110.21 1 1
bitbucket.manperi.com/olymp/estream/consumer_group.go:114.2,114.15 1 1
bitbucket.manperi.com/olymp/estream/consumer_group.go:84.27,86.3 1 1
bitbucket.manperi.com/olymp/estream/consumer_group.go:88.24,90.3 1 1
bitbucket.manperi.com/olymp/estream/consumer_group.go:92.21,94.3 1 1
bitbucket.manperi.com/olymp/estream/consumer_group.go:96.21,98.3 1 1
bitbucket.manperi.com/olymp/estream/consumer_group.go:100.21,102.3 1 1
bitbucket.manperi.com/olymp/estream/consumer_group.go:106.16,108.3 1 1
bitbucket.manperi.com/olymp/estream/consumer_group.go:110.21,112.3 1 1
bitbucket.manperi.com/olymp/estream/consumer_group.go:118.77,120.9 2 1
bitbucket.manperi.com/olymp/estream/consumer_group.go:124.2,124.42 1 1
bitbucket.manperi.com/olymp/estream/consumer_group.go:128.2,131.12 3 1
bitbucket.manperi.com/olymp/estream/consumer_group.go:120.9,122.3 1 0
bitbucket.manperi.com/olymp/estream/consumer_group.go:124.42,126.3 1 1
bitbucket.manperi.com/olymp/estream/consumer_group.go:135.38,136.9 1 1
bitbucket.manperi.com/olymp/estream/consumer_group.go:142.2,145.12 4 1
bitbucket.manperi.com/olymp/estream/consumer_group.go:137.18,138.38 1 0
bitbucket.manperi.com/olymp/estream/consumer_group.go:139.10,139.10 0 1
bitbucket.manperi.com/olymp/estream/consumer_group.go:149.34,151.6 1 0
bitbucket.manperi.com/olymp/estream/consumer_group.go:151.6,152.10 1 0
bitbucket.manperi.com/olymp/estream/consumer_group.go:158.3,158.76 1 0
bitbucket.manperi.com/olymp/estream/consumer_group.go:153.19,154.10 1 0
bitbucket.manperi.com/olymp/estream/consumer_group.go:155.11,155.11 0 0
bitbucket.manperi.com/olymp/estream/consumer_group.go:158.76,160.4 1 0
bitbucket.manperi.com/olymp/estream/consumer_group.go:164.38,165.36 1 1
bitbucket.manperi.com/olymp/estream/consumer_group.go:165.36,167.3 1 1
bitbucket.manperi.com/olymp/estream/consumer_group.go:171.110,175.9 3 0
bitbucket.manperi.com/olymp/estream/consumer_group.go:179.2,179.36 1 0
bitbucket.manperi.com/olymp/estream/consumer_group.go:217.2,217.12 1 0
bitbucket.manperi.com/olymp/estream/consumer_group.go:175.9,177.3 1 0
bitbucket.manperi.com/olymp/estream/consumer_group.go:179.36,184.17 4 0
bitbucket.manperi.com/olymp/estream/consumer_group.go:188.3,189.10 2 0
bitbucket.manperi.com/olymp/estream/consumer_group.go:195.3,201.30 2 0
bitbucket.manperi.com/olymp/estream/consumer_group.go:210.3,214.40 2 0
bitbucket.manperi.com/olymp/estream/consumer_group.go:184.17,186.4 1 0
bitbucket.manperi.com/olymp/estream/consumer_group.go:189.10,192.12 1 0
bitbucket.manperi.com/olymp/estream/consumer_group.go:201.30,203.18 2 0
bitbucket.manperi.com/olymp/estream/consumer_group.go:203.18,206.13 3 0
bitbucket.manperi.com/olymp/estream/consumer_group.go:221.70,223.2 1 0
bitbucket.manperi.com/olymp/estream/consumer_group.go:226.72,228.2 1 0
bitbucket.manperi.com/olymp/estream/consumer_handler.go:29.80,30.37 1 0
bitbucket.manperi.com/olymp/estream/consumer_handler.go:30.37,32.3 1 0
bitbucket.manperi.com/olymp/estream/consumer_handler.go:40.58,43.27 2 1
bitbucket.manperi.com/olymp/estream/consumer_handler.go:47.2,47.70 1 0
bitbucket.manperi.com/olymp/estream/consumer_handler.go:43.27,45.3 1 1
bitbucket.manperi.com/olymp/estream/consumer_handler.go:47.70,49.3 1 0
bitbucket.manperi.com/olymp/estream/consumer_handler.go:52.67,55.16 3 0
bitbucket.manperi.com/olymp/estream/consumer_handler.go:59.2,66.31 3 0
bitbucket.manperi.com/olymp/estream/consumer_handler.go:85.2,85.17 1 0
bitbucket.manperi.com/olymp/estream/consumer_handler.go:55.16,57.3 1 0
bitbucket.manperi.com/olymp/estream/consumer_handler.go:66.31,67.36 1 0
bitbucket.manperi.com/olymp/estream/consumer_handler.go:71.3,71.69 1 0
bitbucket.manperi.com/olymp/estream/consumer_handler.go:75.3,76.17 2 0
bitbucket.manperi.com/olymp/estream/consumer_handler.go:67.36,68.12 1 0
bitbucket.manperi.com/olymp/estream/consumer_handler.go:71.69,72.12 1 0
bitbucket.manperi.com/olymp/estream/consumer_handler.go:76.17,77.23 1 0
bitbucket.manperi.com/olymp/estream/consumer_handler.go:81.4,81.59 1 0
bitbucket.manperi.com/olymp/estream/consumer_handler.go:77.23,79.5 1 0
bitbucket.manperi.com/olymp/estream/consumer_handler_gen.go:14.66,15.58 1 1
bitbucket.manperi.com/olymp/estream/consumer_handler_gen.go:15.58,17.46 2 1
bitbucket.manperi.com/olymp/estream/consumer_handler_gen.go:20.3,20.20 1 1
bitbucket.manperi.com/olymp/estream/consumer_handler_gen.go:17.46,19.4 1 1
bitbucket.manperi.com/olymp/estream/consumer_handler_gen.go:27.67,28.58 1 0
bitbucket.manperi.com/olymp/estream/consumer_handler_gen.go:28.58,30.46 2 0
bitbucket.manperi.com/olymp/estream/consumer_handler_gen.go:33.3,33.20 1 0
bitbucket.manperi.com/olymp/estream/consumer_handler_gen.go:30.46,32.4 1 0
bitbucket.manperi.com/olymp/estream/consumer_handler_gen.go:40.66,41.58 1 1
bitbucket.manperi.com/olymp/estream/consumer_handler_gen.go:41.58,43.46 2 1
bitbucket.manperi.com/olymp/estream/consumer_handler_gen.go:46.3,46.20 1 1
bitbucket.manperi.com/olymp/estream/consumer_handler_gen.go:43.46,45.4 1 1
bitbucket.manperi.com/olymp/estream/consumer_handler_gen.go:53.67,54.58 1 0
bitbucket.manperi.com/olymp/estream/consumer_handler_gen.go:54.58,56.46 2 0
bitbucket.manperi.com/olymp/estream/consumer_handler_gen.go:59.3,59.20 1 0
bitbucket.manperi.com/olymp/estream/consumer_handler_gen.go:56.46,58.4 1 0
bitbucket.manperi.com/olymp/estream/consumer_handler_gen.go:66.62,67.58 1 1
bitbucket.manperi.com/olymp/estream/consumer_handler_gen.go:67.58,69.46 2 1
bitbucket.manperi.com/olymp/estream/consumer_handler_gen.go:72.3,72.20 1 1
bitbucket.manperi.com/olymp/estream/consumer_handler_gen.go:69.46,71.4 1 1
bitbucket.manperi.com/olymp/estream/consumer_handler_gen.go:79.62,80.58 1 1
bitbucket.manperi.com/olymp/estream/consumer_handler_gen.go:80.58,82.46 2 1
bitbucket.manperi.com/olymp/estream/consumer_handler_gen.go:85.3,85.20 1 1
bitbucket.manperi.com/olymp/estream/consumer_handler_gen.go:82.46,84.4 1 1
bitbucket.manperi.com/olymp/estream/consumer_handler_gen.go:92.63,93.58 1 0
bitbucket.manperi.com/olymp/estream/consumer_handler_gen.go:93.58,95.46 2 0
bitbucket.manperi.com/olymp/estream/consumer_handler_gen.go:98.3,98.20 1 0
bitbucket.manperi.com/olymp/estream/consumer_handler_gen.go:95.46,97.4 1 0
bitbucket.manperi.com/olymp/estream/consumer_handler_gen.go:105.61,106.58 1 0
bitbucket.manperi.com/olymp/estream/consumer_handler_gen.go:106.58,108.46 2 0
bitbucket.manperi.com/olymp/estream/consumer_handler_gen.go:111.3,111.20 1 0
bitbucket.manperi.com/olymp/estream/consumer_handler_gen.go:108.46,110.4 1 0
bitbucket.manperi.com/olymp/estream/consumer_handler_gen.go:118.61,119.58 1 0
bitbucket.manperi.com/olymp/estream/consumer_handler_gen.go:119.58,121.46 2 0
bitbucket.manperi.com/olymp/estream/consumer_handler_gen.go:124.3,124.20 1 0
bitbucket.manperi.com/olymp/estream/consumer_handler_gen.go:121.46,123.4 1 0
bitbucket.manperi.com/olymp/estream/consumer_handler_gen.go:131.59,132.58 1 0
bitbucket.manperi.com/olymp/estream/consumer_handler_gen.go:132.58,134.46 2 0
bitbucket.manperi.com/olymp/estream/consumer_handler_gen.go:137.3,137.20 1 0
bitbucket.manperi.com/olymp/estream/consumer_handler_gen.go:134.46,136.4 1 0
bitbucket.manperi.com/olymp/estream/consumer_handler_gen.go:144.62,145.58 1 0
bitbucket.manperi.com/olymp/estream/consumer_handler_gen.go:145.58,147.46 2 0
bitbucket.manperi.com/olymp/estream/consumer_handler_gen.go:150.3,150.20 1 0
bitbucket.manperi.com/olymp/estream/consumer_handler_gen.go:147.46,149.4 1 0
bitbucket.manperi.com/olymp/estream/consumer_handler_gen.go:157.59,158.58 1 0
bitbucket.manperi.com/olymp/estream/consumer_handler_gen.go:158.58,160.46 2 0
bitbucket.manperi.com/olymp/estream/consumer_handler_gen.go:163.3,163.20 1 0
bitbucket.manperi.com/olymp/estream/consumer_handler_gen.go:160.46,162.4 1 0
bitbucket.manperi.com/olymp/estream/consumer_handler_gen.go:170.68,171.58 1 0
bitbucket.manperi.com/olymp/estream/consumer_handler_gen.go:171.58,173.46 2 0
bitbucket.manperi.com/olymp/estream/consumer_handler_gen.go:176.3,176.20 1 0
bitbucket.manperi.com/olymp/estream/consumer_handler_gen.go:173.46,175.4 1 0
bitbucket.manperi.com/olymp/estream/consumer_handler_gen.go:183.61,184.58 1 0
bitbucket.manperi.com/olymp/estream/consumer_handler_gen.go:184.58,186.46 2 0
bitbucket.manperi.com/olymp/estream/consumer_handler_gen.go:189.3,189.20 1 0
bitbucket.manperi.com/olymp/estream/consumer_handler_gen.go:186.46,188.4 1 0
bitbucket.manperi.com/olymp/estream/consumer_handler_gen.go:196.67,197.58 1 0
bitbucket.manperi.com/olymp/estream/consumer_handler_gen.go:197.58,199.46 2 0
bitbucket.manperi.com/olymp/estream/consumer_handler_gen.go:202.3,202.20 1 0
bitbucket.manperi.com/olymp/estream/consumer_handler_gen.go:199.46,201.4 1 0
bitbucket.manperi.com/olymp/estream/consumer_handler_gen.go:209.64,210.58 1 0
bitbucket.manperi.com/olymp/estream/consumer_handler_gen.go:210.58,212.46 2 0
bitbucket.manperi.com/olymp/estream/consumer_handler_gen.go:215.3,215.20 1 0
bitbucket.manperi.com/olymp/estream/consumer_handler_gen.go:212.46,214.4 1 0
bitbucket.manperi.com/olymp/estream/consumer_handler_gen.go:222.67,223.58 1 0
bitbucket.manperi.com/olymp/estream/consumer_handler_gen.go:223.58,225.46 2 0
bitbucket.manperi.com/olymp/estream/consumer_handler_gen.go:228.3,228.20 1 0
bitbucket.manperi.com/olymp/estream/consumer_handler_gen.go:225.46,227.4 1 0
bitbucket.manperi.com/olymp/estream/consumer_handler_gen.go:235.72,236.58 1 0
bitbucket.manperi.com/olymp/estream/consumer_handler_gen.go:236.58,238.46 2 0
bitbucket.manperi.com/olymp/estream/consumer_handler_gen.go:241.3,241.20 1 0
bitbucket.manperi.com/olymp/estream/consumer_handler_gen.go:238.46,240.4 1 0
bitbucket.manperi.com/olymp/estream/consumer_handler_gen.go:248.70,249.58 1 0
bitbucket.manperi.com/olymp/estream/consumer_handler_gen.go:249.58,251.46 2 0
bitbucket.manperi.com/olymp/estream/consumer_handler_gen.go:254.3,254.20 1 0
bitbucket.manperi.com/olymp/estream/consumer_handler_gen.go:251.46,253.4 1 0
bitbucket.manperi.com/olymp/estream/consumer_handler_gen.go:261.68,262.58 1 0
bitbucket.manperi.com/olymp/estream/consumer_handler_gen.go:262.58,264.46 2 0
bitbucket.manperi.com/olymp/estream/consumer_handler_gen.go:267.3,267.20 1 0
bitbucket.manperi.com/olymp/estream/consumer_handler_gen.go:264.46,266.4 1 0
bitbucket.manperi.com/olymp/estream/consumer_handler_gen.go:274.65,275.58 1 0
bitbucket.manperi.com/olymp/estream/consumer_handler_gen.go:275.58,277.46 2 0
bitbucket.manperi.com/olymp/estream/consumer_handler_gen.go:280.3,280.20 1 0
bitbucket.manperi.com/olymp/estream/consumer_handler_gen.go:277.46,279.4 1 0
bitbucket.manperi.com/olymp/estream/consumer_handler_gen.go:287.63,288.58 1 0
bitbucket.manperi.com/olymp/estream/consumer_handler_gen.go:288.58,290.46 2 0
bitbucket.manperi.com/olymp/estream/consumer_handler_gen.go:293.3,293.20 1 0
bitbucket.manperi.com/olymp/estream/consumer_handler_gen.go:290.46,292.4 1 0
bitbucket.manperi.com/olymp/estream/consumer_handler_gen.go:300.68,301.58 1 0
bitbucket.manperi.com/olymp/estream/consumer_handler_gen.go:301.58,303.46 2 0
bitbucket.manperi.com/olymp/estream/consumer_handler_gen.go:306.3,306.20 1 0
bitbucket.manperi.com/olymp/estream/consumer_handler_gen.go:303.46,305.4 1 0
bitbucket.manperi.com/olymp/estream/consumer_handler_gen.go:313.65,314.58 1 0
bitbucket.manperi.com/olymp/estream/consumer_handler_gen.go:314.58,316.46 2 0
bitbucket.manperi.com/olymp/estream/consumer_handler_gen.go:319.3,319.20 1 0
bitbucket.manperi.com/olymp/estream/consumer_handler_gen.go:316.46,318.4 1 0
bitbucket.manperi.com/olymp/estream/consumer_handler_gen.go:326.71,327.58 1 0
bitbucket.manperi.com/olymp/estream/consumer_handler_gen.go:327.58,329.46 2 0
bitbucket.manperi.com/olymp/estream/consumer_handler_gen.go:332.3,332.20 1 0
bitbucket.manperi.com/olymp/estream/consumer_handler_gen.go:329.46,331.4 1 0
bitbucket.manperi.com/olymp/estream/consumer_handler_gen.go:339.74,340.58 1 0
bitbucket.manperi.com/olymp/estream/consumer_handler_gen.go:340.58,342.46 2 0
bitbucket.manperi.com/olymp/estream/consumer_handler_gen.go:345.3,345.20 1 0
bitbucket.manperi.com/olymp/estream/consumer_handler_gen.go:342.46,344.4 1 0
bitbucket.manperi.com/olymp/estream/consumer_handler_gen.go:352.72,353.58 1 0
bitbucket.manperi.com/olymp/estream/consumer_handler_gen.go:353.58,355.46 2 0
bitbucket.manperi.com/olymp/estream/consumer_handler_gen.go:358.3,358.20 1 0
bitbucket.manperi.com/olymp/estream/consumer_handler_gen.go:355.46,357.4 1 0
bitbucket.manperi.com/olymp/estream/consumer_handler_gen.go:365.89,366.58 1 0
bitbucket.manperi.com/olymp/estream/consumer_handler_gen.go:366.58,368.46 2 0
bitbucket.manperi.com/olymp/estream/consumer_handler_gen.go:371.3,371.20 1 0
bitbucket.manperi.com/olymp/estream/consumer_handler_gen.go:368.46,370.4 1 0
bitbucket.manperi.com/olymp/estream/consumer_handler_gen.go:378.81,379.58 1 0
bitbucket.manperi.com/olymp/estream/consumer_handler_gen.go:379.58,381.46 2 0
bitbucket.manperi.com/olymp/estream/consumer_handler_gen.go:384.3,384.20 1 0
bitbucket.manperi.com/olymp/estream/consumer_handler_gen.go:381.46,383.4 1 0
bitbucket.manperi.com/olymp/estream/consumer_handler_gen.go:391.65,392.58 1 0
bitbucket.manperi.com/olymp/estream/consumer_handler_gen.go:392.58,394.46 2 0
bitbucket.manperi.com/olymp/estream/consumer_handler_gen.go:397.3,397.20 1 0
bitbucket.manperi.com/olymp/estream/consumer_handler_gen.go:394.46,396.4 1 0
bitbucket.manperi.com/olymp/estream/debug.go:11.20,13.2 1 0
bitbucket.manperi.com/olymp/estream/metrics.go:66.38,67.16 1 1
bitbucket.manperi.com/olymp/estream/metrics.go:70.2,70.15 1 1
bitbucket.manperi.com/olymp/estream/metrics.go:67.16,69.3 1 0
bitbucket.manperi.com/olymp/estream/metrics.go:73.13,78.2 4 1
bitbucket.manperi.com/olymp/estream/topic.go:7.32,9.2 1 1
bitbucket.manperi.com/olymp/estream/config.go:33.39,39.16 5 1
bitbucket.manperi.com/olymp/estream/config.go:43.2,57.79 12 1
bitbucket.manperi.com/olymp/estream/config.go:65.2,65.12 1 1
bitbucket.manperi.com/olymp/estream/config.go:39.16,41.3 1 0
bitbucket.manperi.com/olymp/estream/config.go:57.79,59.19 2 1
bitbucket.manperi.com/olymp/estream/config.go:62.3,62.17 1 1
bitbucket.manperi.com/olymp/estream/config.go:59.19,61.4 1 1
bitbucket.manperi.com/olymp/estream/config.go:68.47,69.29 1 1
bitbucket.manperi.com/olymp/estream/config.go:72.2,72.30 1 1
bitbucket.manperi.com/olymp/estream/config.go:75.2,75.24 1 1
bitbucket.manperi.com/olymp/estream/config.go:78.2,78.28 1 1
bitbucket.manperi.com/olymp/estream/config.go:69.29,71.3 1 0
bitbucket.manperi.com/olymp/estream/config.go:72.30,74.3 1 1
bitbucket.manperi.com/olymp/estream/config.go:75.24,77.3 1 1
bitbucket.manperi.com/olymp/estream/config.go:78.28,80.3 1 1
bitbucket.manperi.com/olymp/estream/event.go:163.47,163.87 1 0
bitbucket.manperi.com/olymp/estream/event.go:164.47,164.87 1 0
bitbucket.manperi.com/olymp/estream/event.go:165.47,165.86 1 0
bitbucket.manperi.com/olymp/estream/event.go:166.47,166.83 1 0
bitbucket.manperi.com/olymp/estream/event.go:167.47,167.85 1 0
bitbucket.manperi.com/olymp/estream/event.go:168.47,168.85 1 0
bitbucket.manperi.com/olymp/estream/event.go:169.47,169.83 1 0
bitbucket.manperi.com/olymp/estream/event.go:170.47,170.92 1 0
bitbucket.manperi.com/olymp/estream/event.go:171.47,171.85 1 0
bitbucket.manperi.com/olymp/estream/event.go:172.47,172.91 1 0
bitbucket.manperi.com/olymp/estream/event.go:173.47,173.88 1 0
bitbucket.manperi.com/olymp/estream/event.go:175.45,175.85 1 0
bitbucket.manperi.com/olymp/estream/event.go:178.48,178.92 1 0
bitbucket.manperi.com/olymp/estream/event.go:181.50,181.99 1 0
bitbucket.manperi.com/olymp/estream/event.go:182.50,182.97 1 0
bitbucket.manperi.com/olymp/estream/event.go:183.50,183.95 1 0
bitbucket.manperi.com/olymp/estream/event.go:184.50,184.92 1 0
bitbucket.manperi.com/olymp/estream/event.go:188.72,190.9 2 0
bitbucket.manperi.com/olymp/estream/event.go:194.2,196.16 3 0
bitbucket.manperi.com/olymp/estream/event.go:199.2,199.15 1 0
bitbucket.manperi.com/olymp/estream/event.go:190.9,192.3 1 0
bitbucket.manperi.com/olymp/estream/event.go:196.16,198.3 1 0
bitbucket.manperi.com/olymp/estream/event.go:212.55,214.2 1 0
bitbucket.manperi.com/olymp/estream/fallback.go:47.94,48.24 1 1
bitbucket.manperi.com/olymp/estream/fallback.go:54.2,64.43 3 1
bitbucket.manperi.com/olymp/estream/fallback.go:68.2,70.16 2 1
bitbucket.manperi.com/olymp/estream/fallback.go:48.24,51.3 2 1
bitbucket.manperi.com/olymp/estream/fallback.go:64.43,66.3 1 0
bitbucket.manperi.com/olymp/estream/fallback.go:74.44,80.9 5 1
bitbucket.manperi.com/olymp/estream/fallback.go:86.2,86.40 1 1
bitbucket.manperi.com/olymp/estream/fallback.go:89.2,89.12 1 1
bitbucket.manperi.com/olymp/estream/fallback.go:81.20,81.20 0 1
bitbucket.manperi.com/olymp/estream/fallback.go:82.33,83.76 1 0
bitbucket.manperi.com/olymp/estream/fallback.go:86.40,88.3 1 0
bitbucket.manperi.com/olymp/estream/fallback.go:93.70,97.9 3 1
bitbucket.manperi.com/olymp/estream/fallback.go:103.2,106.9 3 1
bitbucket.manperi.com/olymp/estream/fallback.go:112.2,112.12 1 1
bitbucket.manperi.com/olymp/estream/fallback.go:98.17,99.47 1 0
bitbucket.manperi.com/olymp/estream/fallback.go:100.10,100.10 0 1
bitbucket.manperi.com/olymp/estream/fallback.go:107.41,107.41 0 1
bitbucket.manperi.com/olymp/estream/fallback.go:108.19,109.46 1 0
bitbucket.manperi.com/olymp/estream/fallback.go:118.46,120.15 2 1
bitbucket.manperi.com/olymp/estream/fallback.go:125.2,125.6 1 1
bitbucket.manperi.com/olymp/estream/fallback.go:120.15,123.3 2 1
bitbucket.manperi.com/olymp/estream/fallback.go:125.6,126.10 1 1
bitbucket.manperi.com/olymp/estream/fallback.go:127.24,129.43 2 1
bitbucket.manperi.com/olymp/estream/fallback.go:130.29,131.11 1 1
bitbucket.manperi.com/olymp/estream/fallback.go:134.4,134.27 1 1
bitbucket.manperi.com/olymp/estream/fallback.go:135.18,136.29 1 1
bitbucket.manperi.com/olymp/estream/fallback.go:139.4,139.10 1 1
bitbucket.manperi.com/olymp/estream/fallback.go:131.11,133.5 1 0
bitbucket.manperi.com/olymp/estream/fallback.go:136.29,138.5 1 1
bitbucket.manperi.com/olymp/estream/fallback.go:144.39,148.16 3 1
bitbucket.manperi.com/olymp/estream/fallback.go:154.2,154.30 1 1
bitbucket.manperi.com/olymp/estream/fallback.go:162.2,162.39 1 1
bitbucket.manperi.com/olymp/estream/fallback.go:168.2,169.16 2 1
bitbucket.manperi.com/olymp/estream/fallback.go:175.2,176.21 2 1
bitbucket.manperi.com/olymp/estream/fallback.go:197.2,199.59 3 1
bitbucket.manperi.com/olymp/estream/fallback.go:148.16,151.3 2 0
bitbucket.manperi.com/olymp/estream/fallback.go:154.30,155.51 1 1
bitbucket.manperi.com/olymp/estream/fallback.go:159.3,159.61 1 1
bitbucket.manperi.com/olymp/estream/fallback.go:155.51,157.4 1 0
bitbucket.manperi.com/olymp/estream/fallback.go:162.39,166.3 3 0
bitbucket.manperi.com/olymp/estream/fallback.go:169.16,173.3 3 0
bitbucket.manperi.com/olymp/estream/fallback.go:176.21,179.17 3 1
bitbucket.manperi.com/olymp/estream/fallback.go:187.3,187.59 1 1
bitbucket.manperi.com/olymp/estream/fallback.go:194.3,194.61 1 1
bitbucket.manperi.com/olymp/estream/fallback.go:179.17,184.12 2 0
bitbucket.manperi.com/olymp/estream/fallback.go:187.59,192.4 3 1
bitbucket.manperi.com/olymp/estream/fallback.go:199.59,201.3 1 0
bitbucket.manperi.com/olymp/estream/fallback.go:204.52,208.16 3 1
bitbucket.manperi.com/olymp/estream/fallback.go:212.2,213.12 2 1
bitbucket.manperi.com/olymp/estream/fallback.go:208.16,210.3 1 0
bitbucket.manperi.com/olymp/estream/fallback.go:216.28,217.34 1 1
bitbucket.manperi.com/olymp/estream/fallback.go:217.34,219.3 1 0
bitbucket.manperi.com/olymp/estream/fallback.go:222.55,224.16 2 1
bitbucket.manperi.com/olymp/estream/fallback.go:232.2,233.16 2 1
bitbucket.manperi.com/olymp/estream/fallback.go:224.16,230.3 2 0
bitbucket.manperi.com/olymp/estream/fallback.go:233.16,238.3 1 0
bitbucket.manperi.com/olymp/estream/fallback.go:241.92,244.16 3 1
bitbucket.manperi.com/olymp/estream/fallback.go:248.2,252.8 1 1
bitbucket.manperi.com/olymp/estream/fallback.go:244.16,246.3 1 0
bitbucket.manperi.com/olymp/estream/fallback.go:255.69,260.20 2 1
bitbucket.manperi.com/olymp/estream/fallback.go:267.2,268.16 2 1
bitbucket.manperi.com/olymp/estream/fallback.go:272.2,276.3 1 1
bitbucket.manperi.com/olymp/estream/fallback.go:260.20,262.17 2 1
bitbucket.manperi.com/olymp/estream/fallback.go:262.17,264.4 1 0
bitbucket.manperi.com/olymp/estream/fallback.go:268.16,270.3 1 0
bitbucket.manperi.com/olymp/estream/fallback.go:281.63,281.77 1 1
bitbucket.manperi.com/olymp/estream/fallback.go:282.63,282.77 1 1
bitbucket.manperi.com/olymp/estream/producer.go:28.62,34.25 3 1
bitbucket.manperi.com/olymp/estream/producer.go:42.3,46.41 1 1
bitbucket.manperi.com/olymp/estream/producer.go:34.25,37.18 3 0
bitbucket.manperi.com/olymp/estream/producer.go:37.18,39.5 1 0
bitbucket.manperi.com/olymp/estream/producer.go:49.68,53.3 1 0
bitbucket.manperi.com/olymp/estream/producer.go:57.92,59.3 1 0
bitbucket.manperi.com/olymp/estream/producer.go:62.97,64.3 1 1
bitbucket.manperi.com/olymp/estream/producer.go:71.81,72.27 1 1
bitbucket.manperi.com/olymp/estream/producer.go:72.27,74.3 1 1
bitbucket.manperi.com/olymp/estream/producer.go:78.106,79.27 1 1
bitbucket.manperi.com/olymp/estream/producer.go:79.27,81.3 1 1
bitbucket.manperi.com/olymp/estream/producer.go:85.111,86.27 1 1
bitbucket.manperi.com/olymp/estream/producer.go:86.27,88.3 1 1
bitbucket.manperi.com/olymp/estream/producer.go:92.60,93.27 1 1
bitbucket.manperi.com/olymp/estream/producer.go:93.27,95.3 1 1
bitbucket.manperi.com/olymp/estream/producer.go:112.69,122.27 2 1
bitbucket.manperi.com/olymp/estream/producer.go:126.2,126.37 1 1
bitbucket.manperi.com/olymp/estream/producer.go:130.2,132.16 3 1
bitbucket.manperi.com/olymp/estream/producer.go:136.2,137.16 2 1
bitbucket.manperi.com/olymp/estream/producer.go:141.2,142.16 2 1
bitbucket.manperi.com/olymp/estream/producer.go:146.2,146.37 1 1
bitbucket.manperi.com/olymp/estream/producer.go:149.2,149.40 1 1
bitbucket.manperi.com/olymp/estream/producer.go:153.2,153.15 1 1
bitbucket.manperi.com/olymp/estream/producer.go:122.27,124.3 1 1
bitbucket.manperi.com/olymp/estream/producer.go:126.37,128.3 1 1
bitbucket.manperi.com/olymp/estream/producer.go:132.16,134.3 1 1
bitbucket.manperi.com/olymp/estream/producer.go:137.16,139.3 1 0
bitbucket.manperi.com/olymp/estream/producer.go:142.16,144.3 1 0
bitbucket.manperi.com/olymp/estream/producer.go:146.37,148.3 1 1
bitbucket.manperi.com/olymp/estream/producer.go:149.40,151.3 1 1
bitbucket.manperi.com/olymp/estream/producer.go:158.75,160.9 2 0
bitbucket.manperi.com/olymp/estream/producer.go:164.2,181.12 3 0
bitbucket.manperi.com/olymp/estream/producer.go:160.9,162.3 1 0
bitbucket.manperi.com/olymp/estream/producer.go:185.71,187.9 2 1
bitbucket.manperi.com/olymp/estream/producer.go:191.2,204.12 3 1
bitbucket.manperi.com/olymp/estream/producer.go:187.9,189.3 1 0
bitbucket.manperi.com/olymp/estream/producer.go:208.63,210.16 2 0
bitbucket.manperi.com/olymp/estream/producer.go:213.2,213.30 1 0
bitbucket.manperi.com/olymp/estream/producer.go:210.16,212.3 1 0
bitbucket.manperi.com/olymp/estream/producer.go:218.39,219.45 1 1
bitbucket.manperi.com/olymp/estream/producer.go:219.45,220.37 1 1
bitbucket.manperi.com/olymp/estream/producer.go:225.3,227.51 2 1
bitbucket.manperi.com/olymp/estream/producer.go:220.37,222.12 2 1
bitbucket.manperi.com/olymp/estream/producer.go:227.51,234.4 1 0
bitbucket.manperi.com/olymp/estream/producer.go:239.41,240.47 1 1
bitbucket.manperi.com/olymp/estream/producer.go:240.47,242.3 1 1
bitbucket.manperi.com/olymp/estream/producer.go:247.33,250.48 2 1
bitbucket.manperi.com/olymp/estream/producer.go:254.2,258.43 2 1
bitbucket.manperi.com/olymp/estream/producer.go:261.2,261.47 1 1
bitbucket.manperi.com/olymp/estream/producer.go:265.2,265.15 1 1
bitbucket.manperi.com/olymp/estream/producer.go:250.48,252.3 1 0
bitbucket.manperi.com/olymp/estream/producer.go:258.43,260.3 1 0
bitbucket.manperi.com/olymp/estream/producer.go:261.47,263.3 1 0
bitbucket.manperi.com/olymp/estream/producer.go:269.74,279.9 4 1
bitbucket.manperi.com/olymp/estream/producer.go:280.38,281.13 1 1
bitbucket.manperi.com/olymp/estream/producer.go:282.19,284.30 2 0
bitbucket.manperi.com/olymp/estream/producer.go:288.36,289.31 1 1
bitbucket.manperi.com/olymp/estream/producer.go:293.2,293.30 1 1
bitbucket.manperi.com/olymp/estream/producer.go:297.2,297.56 1 1
bitbucket.manperi.com/olymp/estream/producer.go:301.2,301.59 1 1
bitbucket.manperi.com/olymp/estream/producer.go:304.2,304.12 1 1
bitbucket.manperi.com/olymp/estream/producer.go:289.31,291.3 1 1
bitbucket.manperi.com/olymp/estream/producer.go:293.30,295.3 1 0
bitbucket.manperi.com/olymp/estream/producer.go:297.56,299.3 1 0
bitbucket.manperi.com/olymp/estream/producer.go:301.59,303.3 1 1
bitbucket.manperi.com/olymp/estream/producer.go:307.26,309.16 2 1
bitbucket.manperi.com/olymp/estream/producer.go:313.2,313.21 1 1
bitbucket.manperi.com/olymp/estream/producer.go:309.16,312.3 2 0
bitbucket.manperi.com/olymp/estream/encoder.go:14.39,16.2 1 1
bitbucket.manperi.com/olymp/estream/encoder.go:19.36,22.2 2 1
bitbucket.manperi.com/olymp/estream/encoder.go:25.48,28.2 2 1
